#
# A fatal error has been detected by the Java Runtime Environment:
#
#  Internal Error (javaCalls.cpp:35), pid=4764, tid=1100
#  Error: guarantee(thread->is_Java_thread(),"crucial check - the VM thread cannot and must not escape to Java code")
#
# JRE version: 6.0_20-b02
# Java VM: Java HotSpot(TM) Client VM (16.3-b01 mixed mode windows-x86 )
# If you would like to submit a bug report, please visit:
#   http://java.sun.com/webapps/bugreport/crash.jsp
#

---------------  T H R E A D  ---------------

Current thread (0x16b91400):  VMThread [stack: 0x16c20000,0x16c70000] [id=1100]

Stack: [0x16c20000,0x16c70000],  sp=0x16c6f270,  free space=13c16c6f280k
Native frames: (J=compiled Java code, j=interpreted, Vv=VM code, C=native code)
V  [jvm.dll+0x1f4180]
V  [jvm.dll+0xa1d78]
V  [jvm.dll+0xefd07]
V  [jvm.dll+0xf0460]
V  [jvm.dll+0x17fcf1]
V  [jvm.dll+0xf084a]
V  [jvm.dll+0xacd82]
V  [jvm.dll+0xacf2b]
V  [jvm.dll+0xacf93]
V  [jvm.dll+0xcb454]
V  [jvm.dll+0xcb4a2]
V  [jvm.dll+0xcc915]
V  [jvm.dll+0xcdb49]
V  [jvm.dll+0x1795fb]
V  [jvm.dll+0x17988d]
V  [jvm.dll+0x179bfb]
V  [jvm.dll+0xd8d76]
V  [jvm.dll+0x16b764]
V  [jvm.dll+0x1f004b]
V  [jvm.dll+0x1429e5]
V  [jvm.dll+0x1f7043]
V  [jvm.dll+0x1f62de]
V  [jvm.dll+0x1f662c]
V  [jvm.dll+0x1f6a52]
V  [jvm.dll+0x17f96c]
C  [msvcr71.dll+0x9565]
C  [kernel32.dll+0xb729]

VM_Operation (0x16ecfb74): GetOrSetLocal, mode: safepoint, requested by thread 0x16bbe000


---------------  P R O C E S S  ---------------

Java Threads: ( => current thread )
  0x178c4800 JavaThread "New I/O client worker #1-1" [_thread_blocked, id=5220, stack(0x1a0b0000,0x1a100000)]
  0x17848800 JavaThread "pool-1-thread-1" [_thread_blocked, id=5004, stack(0x19c30000,0x19c80000)]
  0x16bd3400 JavaThread "Low Memory Detector" daemon [_thread_blocked, id=4540, stack(0x16fc0000,0x17010000)]
  0x16bd2000 JavaThread "CompilerThread0" daemon [_thread_blocked, id=4972, stack(0x16f70000,0x16fc0000)]
  0x16bc5400 JavaThread "JDWP Command Reader" daemon [_thread_in_native, id=5916, stack(0x16f20000,0x16f70000)]
  0x16bc0400 JavaThread "JDWP Event Helper Thread" daemon [_thread_blocked, id=4148, stack(0x16ed0000,0x16f20000)]
  0x16bbe000 JavaThread "JDWP Transport Listener: dt_socket" daemon [_thread_blocked, id=5444, stack(0x16e80000,0x16ed0000)]
  0x16bb1400 JavaThread "Attach Listener" daemon [_thread_blocked, id=2916, stack(0x16d60000,0x16db0000)]
  0x16bab000 JavaThread "Signal Dispatcher" daemon [_thread_blocked, id=4692, stack(0x16d10000,0x16d60000)]
  0x16b95400 JavaThread "Finalizer" daemon [_thread_blocked, id=4960, stack(0x16cc0000,0x16d10000)]
  0x16b94000 JavaThread "Reference Handler" daemon [_thread_blocked, id=2072, stack(0x16c70000,0x16cc0000)]
  0x00847c00 JavaThread "main" [_thread_in_native, id=4800, stack(0x008e0000,0x00930000)]

Other Threads:
=>0x16b91400 VMThread [stack: 0x16c20000,0x16c70000] [id=1100]
  0x16bd5000 WatcherThread [stack: 0x17010000,0x17060000] [id=5092]

VM state:at safepoint (normal execution)

VM Mutex/Monitor currently owned by a thread:  ([mutex/lock_event])
[0x00846bd0] Threads_lock - owner thread: 0x16b91400

Heap
 def new generation   total 5824K, used 3292K [0x029e0000, 0x03030000, 0x07f30000)
  eden space 5184K,  61% used [0x029e0000, 0x02cfdd30, 0x02ef0000)
  from space 640K,  15% used [0x02ef0000, 0x02f094b8, 0x02f90000)
  to   space 640K,   0% used [0x02f90000, 0x02f90000, 0x03030000)
 tenured generation   total 12824K, used 9498K [0x07f30000, 0x08bb6000, 0x129e0000)
   the space 12824K,  74% used [0x07f30000, 0x08876950, 0x08876a00, 0x08bb6000)
 compacting perm gen  total 13056K, used 12934K [0x129e0000, 0x136a0000, 0x169e0000)
   the space 13056K,  99% used [0x129e0000, 0x13681b80, 0x13681c00, 0x136a0000)
No shared spaces configured.

Dynamic libraries:
0x00400000 - 0x00424000 	C:\Java\jdk1.6.0_20\bin\javaw.exe
0x7c920000 - 0x7c9b6000 	C:\WINDOWS\system32\ntdll.dll
0x7c800000 - 0x7c91e000 	C:\WINDOWS\system32\kernel32.dll
0x77da0000 - 0x77e49000 	C:\WINDOWS\system32\ADVAPI32.dll
0x77e50000 - 0x77ee3000 	C:\WINDOWS\system32\RPCRT4.dll
0x77fc0000 - 0x77fd1000 	C:\WINDOWS\system32\Secur32.dll
0x77d10000 - 0x77da0000 	C:\WINDOWS\system32\USER32.dll
0x77ef0000 - 0x77f39000 	C:\WINDOWS\system32\GDI32.dll
0x76300000 - 0x7631d000 	C:\WINDOWS\system32\IMM32.DLL
0x62c20000 - 0x62c29000 	C:\WINDOWS\system32\LPK.DLL
0x73fa0000 - 0x7400b000 	C:\WINDOWS\system32\USP10.dll
0x7c340000 - 0x7c396000 	C:\Java\jdk1.6.0_20\jre\bin\msvcr71.dll
0x6d8b0000 - 0x6db47000 	C:\Java\jdk1.6.0_20\jre\bin\client\jvm.dll
0x76b10000 - 0x76b3a000 	C:\WINDOWS\system32\WINMM.dll
0x6d860000 - 0x6d86c000 	C:\Java\jdk1.6.0_20\jre\bin\verify.dll
0x6d3e0000 - 0x6d3ff000 	C:\Java\jdk1.6.0_20\jre\bin\java.dll
0x6d340000 - 0x6d348000 	C:\Java\jdk1.6.0_20\jre\bin\hpi.dll
0x76bc0000 - 0x76bcb000 	C:\WINDOWS\system32\PSAPI.DLL
0x6d430000 - 0x6d459000 	C:\Java\jdk1.6.0_20\jre\bin\jdwp.dll
0x6d750000 - 0x6d756000 	C:\Java\jdk1.6.0_20\jre\bin\npt.dll
0x6d8a0000 - 0x6d8af000 	C:\Java\jdk1.6.0_20\jre\bin\zip.dll
0x6d2b0000 - 0x6d2b7000 	C:\Java\jdk1.6.0_20\jre\bin\dt_socket.dll
0x71a20000 - 0x71a37000 	C:\WINDOWS\system32\WS2_32.dll
0x77be0000 - 0x77c38000 	C:\WINDOWS\system32\msvcrt.dll
0x71a10000 - 0x71a18000 	C:\WINDOWS\system32\WS2HELP.dll
0x719c0000 - 0x719fe000 	C:\WINDOWS\System32\mswsock.dll
0x76ef0000 - 0x76f17000 	C:\WINDOWS\system32\DNSAPI.dll
0x76d30000 - 0x76d48000 	C:\WINDOWS\system32\iphlpapi.dll
0x76f80000 - 0x76f88000 	C:\WINDOWS\System32\winrnr.dll
0x76f30000 - 0x76f5c000 	C:\WINDOWS\system32\WLDAP32.dll
0x76f90000 - 0x76f96000 	C:\WINDOWS\system32\rasadhlp.dll
0x25220000 - 0x25237000 	C:\Program Files\Common Files\Thunder Network\NetMon\net_monitor2.0.2.7.dll
0x7d590000 - 0x7dd84000 	C:\WINDOWS\system32\SHELL32.dll
0x77f40000 - 0x77fb6000 	C:\WINDOWS\system32\SHLWAPI.dll
0x76990000 - 0x76ace000 	C:\WINDOWS\system32\ole32.dll
0x7c3a0000 - 0x7c41b000 	C:\WINDOWS\system32\MSVCP71.dll
0x77bd0000 - 0x77bd8000 	C:\WINDOWS\system32\VERSION.dll
0x77180000 - 0x77283000 	C:\WINDOWS\WinSxS\x86_Microsoft.Windows.Common-Controls_6595b64144ccf1df_6.0.2600.6028_x-ww_61e65202\comctl32.dll
0x60fd0000 - 0x61025000 	C:\WINDOWS\system32\hnetcfg.dll
0x71a00000 - 0x71a08000 	C:\WINDOWS\System32\wshtcpip.dll
0x17260000 - 0x172d0000 	C:\Documents and Settings\JOEY\.swt\lib\win32\x86\swt-win32-4233.dll
0x770f0000 - 0x7717b000 	C:\WINDOWS\system32\OLEAUT32.dll
0x76320000 - 0x76367000 	C:\WINDOWS\system32\comdlg32.dll
0x72f70000 - 0x72f96000 	C:\WINDOWS\system32\WINSPOOL.DRV
0x3e410000 - 0x3e4f6000 	C:\WINDOWS\system32\WININET.dll
0x172e0000 - 0x172e9000 	C:\WINDOWS\system32\Normaliz.dll
0x43ce0000 - 0x43e13000 	C:\WINDOWS\system32\urlmon.dll
0x3eab0000 - 0x3ec9b000 	C:\WINDOWS\system32\iertutil.dll
0x765e0000 - 0x76673000 	C:\WINDOWS\system32\CRYPT32.dll
0x76db0000 - 0x76dc2000 	C:\WINDOWS\system32\MSASN1.dll
0x5adc0000 - 0x5adf7000 	C:\WINDOWS\system32\uxtheme.dll
0x74680000 - 0x746cc000 	C:\WINDOWS\system32\MSCTF.dll
0x17a60000 - 0x17bd9000 	C:\WINDOWS\system32\nview.dll
0x76cb0000 - 0x76cd0000 	C:\WINDOWS\system32\NTMARTA.DLL
0x71b70000 - 0x71b83000 	C:\WINDOWS\system32\SAMLIB.dll
0x17610000 - 0x17638000 	C:\WINDOWS\system32\NVWRSZHC.DLL
0x73640000 - 0x7366e000 	C:\WINDOWS\system32\msctfime.ime
0x6d420000 - 0x6d42d000 	C:\Java\jdk1.6.0_20\jre\bin\JdbcOdbc.dll
0x73540000 - 0x7357d000 	C:\WINDOWS\system32\ODBC32.dll
0x1f840000 - 0x1f857000 	C:\WINDOWS\system32\odbcint.dll
0x4d3d0000 - 0x4d3eb000 	C:\WINDOWS\system32\odbccp32.dll
0x76fa0000 - 0x7701f000 	C:\WINDOWS\system32\CLBCATQ.DLL
0x77020000 - 0x770ba000 	C:\WINDOWS\system32\COMRes.dll
0x18d10000 - 0x18d4a000 	C:\WINDOWS\system32\msjtes40.dll
0x19160000 - 0x1916b000 	C:\WINDOWS\system32\VBAJET32.DLL
0x19580000 - 0x195e2000 	C:\WINDOWS\system32\expsrv.dll
0x61880000 - 0x618ba000 	C:\WINDOWS\system32\oleacc.dll
0x762f0000 - 0x762f5000 	C:\WINDOWS\system32\msimg32.dll
0x6d6c0000 - 0x6d6d3000 	C:\Java\jdk1.6.0_20\jre\bin\net.dll
0x6d6e0000 - 0x6d6e9000 	C:\Java\jdk1.6.0_20\jre\bin\nio.dll
0x68000000 - 0x68036000 	C:\WINDOWS\system32\rsaenh.dll
0x759d0000 - 0x75a7f000 	C:\WINDOWS\system32\USERENV.dll
0x5fdd0000 - 0x5fe25000 	C:\WINDOWS\system32\netapi32.dll
0x19f30000 - 0x19f4d000 	C:\Documents and Settings\JOEY\.swt\lib\win32\x86\swt-gdip-win32-4233.dll
0x4ae90000 - 0x4b03b000 	C:\WINDOWS\WinSxS\x86_Microsoft.Windows.GdiPlus_6595b64144ccf1df_1.0.6002.22791_x-ww_c8dff154\gdiplus.dll
0x73b30000 - 0x73b36000 	C:\WINDOWS\system32\dciman32.dll
0x4aac0000 - 0x4ab04000 	C:\WINDOWS\system32\odbcjt32.dll
0x1b000000 - 0x1b170000 	C:\WINDOWS\system32\msjet40.dll
0x1b5d0000 - 0x1b665000 	C:\WINDOWS\system32\mswstr10.dll
0x4b4e0000 - 0x4b4ee000 	C:\WINDOWS\system32\odbcji32.dll
0x1b2c0000 - 0x1b2cd000 	C:\WINDOWS\system32\msjter40.dll
0x1b2d0000 - 0x1b2f6000 	C:\WINDOWS\system32\MSJINT40.DLL

VM Arguments:
jvm_args: -agentlib:jdwp=transport=dt_socket,suspend=y,address=localhost:3120 -Dfile.encoding=UTF-8 
java_command: com.joeysoft.kc868.KC868
Launcher Type: SUN_STANDARD

Environment Variables:
PATH=C:\Java\jdk1.6.0_20\jre\bin;D:/Program Files/Genuitec/Common/binary/com.sun.java.jdk.win32.x86_1.6.0.013/jre/bin/client;D:/Program Files/Genuitec/Common/binary/com.sun.java.jdk.win32.x86_1.6.0.013/jre/bin;D:/Program Files/Genuitec/Common/binary/com.sun.java.jdk.win32.x86_1.6.0.013/jre/lib/i386;C:\PROGRA~1\Borland\CBUILD~1\Bin;C:\PROGRA~1\Borland\CBUILD~1\Projects\Bpl;D:\PROGRA~1\Borland\CBUILD~1\Bin;D:\PROGRA~1\Borland\CBUILD~1\Projects\Bpl;D:\oracle\product\10.2.0\db_1\bin;C:\WINDOWS\system32;C:\WINDOWS;C:\WINDOWS\System32\Wbem;C:\Program Files\Common Files\Thunder Network\KanKan\Codecs;C:\Program Files\TortoiseSVN\bin;C:\Program Files\StormII\Codec;C:\Program Files\StormII;C:\Program Files\CVSNT\
USERNAME=JOEY
OS=Windows_NT
PROCESSOR_IDENTIFIER=x86 Family 6 Model 15 Stepping 13, GenuineIntel



---------------  S Y S T E M  ---------------

OS: Windows XP Build 2600 Service Pack 3

CPU:total 2 (2 cores per cpu, 1 threads per core) family 6 model 15 stepping 13, cmov, cx8, fxsr, mmx, sse, sse2, sse3, ssse3

Memory: 4k page, physical 3144940k(1371520k free), swap 7697608k(5568548k free)

vm_info: Java HotSpot(TM) Client VM (16.3-b01) for windows-x86 JRE (1.6.0_20-b02), built on Apr 12 2010 13:52:23 by "java_re" with MS VC++ 7.1 (VS2003)

time: Fri Sep 07 12:26:42 2012
elapsed time: 282 seconds

