#
# A fatal error has been detected by the Java Runtime Environment:
#
#  EXCEPTION_ACCESS_VIOLATION (0xc0000005) at pc=0x17ad8a10, pid=1816, tid=2148
#
# JRE version: 6.0_20-b02
# Java VM: Java HotSpot(TM) Client VM (16.3-b01 mixed mode windows-x86 )
# Problematic frame:
# C  0x17ad8a10
#
# If you would like to submit a bug report, please visit:
#   http://java.sun.com/webapps/bugreport/crash.jsp
# The crash happened outside the Java Virtual Machine in native code.
# See problematic frame for where to report the bug.
#

---------------  T H R E A D  ---------------

Current thread (0x00847c00):  JavaThread "main" [_thread_in_native, id=2148, stack(0x008e0000,0x00930000)]

siginfo: ExceptionCode=0xc0000005, reading address 0x17ad8a10

Registers:
EAX=0x00000000, EBX=0x00000102, ECX=0x0092f6a0, EDX=0x00000002
ESP=0x0092f670, EBP=0x0092f688, ESI=0x7ffde000, EDI=0x00000000
EIP=0x17ad8a10, EFLAGS=0x00010206

Top of Stack: (sp=0x0092f670)
0x0092f670:   77d2b372 00000000 00000000 0092f6a0
0x0092f680:   00000000 0092f77c 0092f6b0 77d565b7
0x0092f690:   00040000 00000000 0092f6a0 17ad8a10
0x0092f6a0:   00000000 00000001 0000001c 00010626
0x0092f6b0:   0092f6d8 77d28eec 005bece0 0000001c
0x0092f6c0:   00000001 00000000 17ad8a10 00000000
0x0092f6d0:   00000000 00000000 0092f728 7c92e473
0x0092f6e0:   0092f6e8 00000018 005bece0 0000001c 

Instructions: (pc=0x17ad8a10)
0x17ad8a00:   
[error occurred during error reporting (printing registers, top of stack, instructions near pc), id 0xc0000005]

Stack: [0x008e0000,0x00930000],  sp=0x0092f670,  free space=13d0092eb30k
Native frames: (J=compiled Java code, j=interpreted, Vv=VM code, C=native code)
C  0x17ad8a10
C  [USER32.dll+0x465b7]
C  [USER32.dll+0x18eec]
C  [ntdll.dll+0xe473]
C  [USER32.dll+0x9402]
C  [swt-win32-4233.dll+0xc8c6]
j  org.eclipse.swt.internal.win32.OS.PeekMessageW(Lorg/eclipse/swt/internal/win32/MSG;IIII)Z+0
j  org.eclipse.swt.internal.win32.OS.PeekMessage(Lorg/eclipse/swt/internal/win32/MSG;IIII)Z+12
j  org.eclipse.swt.widgets.Display.readAndDispatch()Z+35
j  com.joeysoft.kc868.ui.dialogs.TransferDialog.open()Lcom/joeysoft/kc868/db/bean/Transfer;+164
j  com.joeysoft.kc868.ui.helper.ShellLauncher.openTransferDialog(Lcom/joeysoft/kc868/db/bean/Transfer;)Lcom/joeysoft/kc868/db/bean/Transfer;+38
j  com.joeysoft.kc868.ui.EquipShell.addButtonClick()V+150
j  com.joeysoft.kc868.ui.EquipShell.access$7(Lcom/joeysoft/kc868/ui/EquipShell;)V+1
j  com.joeysoft.kc868.ui.EquipShell$6.mouseUp(Lorg/eclipse/swt/events/MouseEvent;)V+4
j  org.eclipse.swt.widgets.TypedListener.handleEvent(Lorg/eclipse/swt/widgets/Event;)V+988
J  org.eclipse.swt.widgets.EventTable.sendEvent(Lorg/eclipse/swt/widgets/Event;)V
j  org.eclipse.swt.widgets.Widget.sendEvent(Lorg/eclipse/swt/widgets/Event;)V+25
j  org.eclipse.swt.widgets.Display.runDeferredEvents()Z+92
j  org.eclipse.swt.widgets.Display.readAndDispatch()Z+69
j  com.joeysoft.kc868.ui.EquipShell.open()V+98
j  com.joeysoft.kc868.ui.helper.ShellLauncher.openEquipShell()V+33
j  com.joeysoft.kc868.ui.MainShell$3.mouseUp(Lorg/eclipse/swt/events/MouseEvent;)V+36
j  org.eclipse.swt.widgets.TypedListener.handleEvent(Lorg/eclipse/swt/widgets/Event;)V+988
j  org.eclipse.swt.widgets.EventTable.sendEvent(Lorg/eclipse/swt/widgets/Event;)V+214
j  org.eclipse.swt.widgets.Widget.sendEvent(Lorg/eclipse/swt/widgets/Event;)V+25
j  org.eclipse.swt.widgets.Display.runDeferredEvents()Z+92
j  org.eclipse.swt.widgets.Display.readAndDispatch()Z+69
j  com.joeysoft.kc868.ui.MainShell.open()V+102
j  com.joeysoft.kc868.KC868.main([Ljava/lang/String;)V+87
v  ~StubRoutines::call_stub
V  [jvm.dll+0xf049c]
V  [jvm.dll+0x17fcf1]
V  [jvm.dll+0xf051d]
V  [jvm.dll+0xf9bc5]
V  [jvm.dll+0x10181d]
C  [javaw.exe+0x2155]
C  [javaw.exe+0x8614]
C  [kernel32.dll+0xb729]

Java frames: (J=compiled Java code, j=interpreted, Vv=VM code)
j  org.eclipse.swt.internal.win32.OS.PeekMessageW(Lorg/eclipse/swt/internal/win32/MSG;IIII)Z+0
j  org.eclipse.swt.internal.win32.OS.PeekMessage(Lorg/eclipse/swt/internal/win32/MSG;IIII)Z+12
j  org.eclipse.swt.widgets.Display.readAndDispatch()Z+35
j  com.joeysoft.kc868.ui.dialogs.TransferDialog.open()Lcom/joeysoft/kc868/db/bean/Transfer;+164
j  com.joeysoft.kc868.ui.helper.ShellLauncher.openTransferDialog(Lcom/joeysoft/kc868/db/bean/Transfer;)Lcom/joeysoft/kc868/db/bean/Transfer;+38
j  com.joeysoft.kc868.ui.EquipShell.addButtonClick()V+150
j  com.joeysoft.kc868.ui.EquipShell.access$7(Lcom/joeysoft/kc868/ui/EquipShell;)V+1
j  com.joeysoft.kc868.ui.EquipShell$6.mouseUp(Lorg/eclipse/swt/events/MouseEvent;)V+4
j  org.eclipse.swt.widgets.TypedListener.handleEvent(Lorg/eclipse/swt/widgets/Event;)V+988
J  org.eclipse.swt.widgets.EventTable.sendEvent(Lorg/eclipse/swt/widgets/Event;)V
j  org.eclipse.swt.widgets.Widget.sendEvent(Lorg/eclipse/swt/widgets/Event;)V+25
j  org.eclipse.swt.widgets.Display.runDeferredEvents()Z+92
j  org.eclipse.swt.widgets.Display.readAndDispatch()Z+69
j  com.joeysoft.kc868.ui.EquipShell.open()V+98
j  com.joeysoft.kc868.ui.helper.ShellLauncher.openEquipShell()V+33
j  com.joeysoft.kc868.ui.MainShell$3.mouseUp(Lorg/eclipse/swt/events/MouseEvent;)V+36
j  org.eclipse.swt.widgets.TypedListener.handleEvent(Lorg/eclipse/swt/widgets/Event;)V+988
j  org.eclipse.swt.widgets.EventTable.sendEvent(Lorg/eclipse/swt/widgets/Event;)V+214
j  org.eclipse.swt.widgets.Widget.sendEvent(Lorg/eclipse/swt/widgets/Event;)V+25
j  org.eclipse.swt.widgets.Display.runDeferredEvents()Z+92
j  org.eclipse.swt.widgets.Display.readAndDispatch()Z+69
j  com.joeysoft.kc868.ui.MainShell.open()V+102
j  com.joeysoft.kc868.KC868.main([Ljava/lang/String;)V+87
v  ~StubRoutines::call_stub

---------------  P R O C E S S  ---------------

Java Threads: ( => current thread )
  0x176c9800 JavaThread "pool-1-thread-1" [_thread_blocked, id=3776, stack(0x19c30000,0x19c80000)]
  0x16bd3400 JavaThread "Low Memory Detector" daemon [_thread_blocked, id=3404, stack(0x16fc0000,0x17010000)]
  0x16bd2400 JavaThread "CompilerThread0" daemon [_thread_blocked, id=3280, stack(0x16f70000,0x16fc0000)]
  0x16bc0400 JavaThread "JDWP Event Helper Thread" daemon [_thread_blocked, id=3316, stack(0x16ed0000,0x16f20000)]
  0x16bb1400 JavaThread "Attach Listener" daemon [_thread_blocked, id=2216, stack(0x16d60000,0x16db0000)]
  0x16bab000 JavaThread "Signal Dispatcher" daemon [_thread_blocked, id=2264, stack(0x16d10000,0x16d60000)]
  0x16b98c00 JavaThread "Finalizer" daemon [_thread_blocked, id=2132, stack(0x16cc0000,0x16d10000)]
  0x16b94000 JavaThread "Reference Handler" daemon [_thread_blocked, id=2384, stack(0x16c70000,0x16cc0000)]
=>0x00847c00 JavaThread "main" [_thread_in_native, id=2148, stack(0x008e0000,0x00930000)]

Other Threads:
  0x16b91400 VMThread [stack: 0x16c20000,0x16c70000] [id=3704]
  0x16bd4c00 WatcherThread [stack: 0x17010000,0x17060000] [id=3392]

VM state:not at safepoint (normal execution)

VM Mutex/Monitor currently owned by a thread: None

Heap
 def new generation   total 4928K, used 873K [0x029e0000, 0x02f30000, 0x07f30000)
  eden space 4416K,  17% used [0x029e0000, 0x02a9ffd8, 0x02e30000)
  from space 512K,  20% used [0x02eb0000, 0x02eca708, 0x02f30000)
  to   space 512K,   0% used [0x02e30000, 0x02e30000, 0x02eb0000)
 tenured generation   total 10944K, used 9488K [0x07f30000, 0x089e0000, 0x129e0000)
   the space 10944K,  86% used [0x07f30000, 0x088743b0, 0x08874400, 0x089e0000)
 compacting perm gen  total 12288K, used 8771K [0x129e0000, 0x135e0000, 0x169e0000)
   the space 12288K,  71% used [0x129e0000, 0x13270d80, 0x13270e00, 0x135e0000)
No shared spaces configured.

Dynamic libraries:
0x00400000 - 0x00424000 	C:\Java\jdk1.6.0_20\bin\javaw.exe
0x7c920000 - 0x7c9b6000 	C:\WINDOWS\system32\ntdll.dll
0x7c800000 - 0x7c91e000 	C:\WINDOWS\system32\kernel32.dll
0x77da0000 - 0x77e49000 	C:\WINDOWS\system32\ADVAPI32.dll
0x77e50000 - 0x77ee3000 	C:\WINDOWS\system32\RPCRT4.dll
0x77fc0000 - 0x77fd1000 	C:\WINDOWS\system32\Secur32.dll
0x77d10000 - 0x77da0000 	C:\WINDOWS\system32\USER32.dll
0x77ef0000 - 0x77f39000 	C:\WINDOWS\system32\GDI32.dll
0x76300000 - 0x7631d000 	C:\WINDOWS\system32\IMM32.DLL
0x62c20000 - 0x62c29000 	C:\WINDOWS\system32\LPK.DLL
0x73fa0000 - 0x7400b000 	C:\WINDOWS\system32\USP10.dll
0x7c340000 - 0x7c396000 	C:\Java\jdk1.6.0_20\jre\bin\msvcr71.dll
0x6d8b0000 - 0x6db47000 	C:\Java\jdk1.6.0_20\jre\bin\client\jvm.dll
0x76b10000 - 0x76b3a000 	C:\WINDOWS\system32\WINMM.dll
0x6d860000 - 0x6d86c000 	C:\Java\jdk1.6.0_20\jre\bin\verify.dll
0x6d3e0000 - 0x6d3ff000 	C:\Java\jdk1.6.0_20\jre\bin\java.dll
0x6d340000 - 0x6d348000 	C:\Java\jdk1.6.0_20\jre\bin\hpi.dll
0x76bc0000 - 0x76bcb000 	C:\WINDOWS\system32\PSAPI.DLL
0x6d430000 - 0x6d459000 	C:\Java\jdk1.6.0_20\jre\bin\jdwp.dll
0x6d750000 - 0x6d756000 	C:\Java\jdk1.6.0_20\jre\bin\npt.dll
0x6d8a0000 - 0x6d8af000 	C:\Java\jdk1.6.0_20\jre\bin\zip.dll
0x6d2b0000 - 0x6d2b7000 	C:\Java\jdk1.6.0_20\jre\bin\dt_socket.dll
0x71a20000 - 0x71a37000 	C:\WINDOWS\system32\WS2_32.dll
0x77be0000 - 0x77c38000 	C:\WINDOWS\system32\msvcrt.dll
0x71a10000 - 0x71a18000 	C:\WINDOWS\system32\WS2HELP.dll
0x719c0000 - 0x719fe000 	C:\WINDOWS\System32\mswsock.dll
0x76ef0000 - 0x76f17000 	C:\WINDOWS\system32\DNSAPI.dll
0x76d30000 - 0x76d48000 	C:\WINDOWS\system32\iphlpapi.dll
0x76d10000 - 0x76d28000 	C:\WINDOWS\system32\MPRAPI.dll
0x77c90000 - 0x77cc2000 	C:\WINDOWS\system32\ACTIVEDS.dll
0x76de0000 - 0x76e05000 	C:\WINDOWS\system32\adsldpc.dll
0x5fdd0000 - 0x5fe25000 	C:\WINDOWS\system32\NETAPI32.dll
0x76f30000 - 0x76f5c000 	C:\WINDOWS\system32\WLDAP32.dll
0x76af0000 - 0x76b01000 	C:\WINDOWS\system32\ATL.DLL
0x76990000 - 0x76ace000 	C:\WINDOWS\system32\ole32.dll
0x770f0000 - 0x7717b000 	C:\WINDOWS\system32\OLEAUT32.dll
0x76e50000 - 0x76e5e000 	C:\WINDOWS\system32\rtutils.dll
0x71b70000 - 0x71b83000 	C:\WINDOWS\system32\SAMLIB.dll
0x76060000 - 0x761b6000 	C:\WINDOWS\system32\SETUPAPI.dll
0x76f80000 - 0x76f88000 	C:\WINDOWS\System32\winrnr.dll
0x76f90000 - 0x76f96000 	C:\WINDOWS\system32\rasadhlp.dll
0x25220000 - 0x25237000 	C:\Program Files\Common Files\Thunder Network\NetMon\net_monitor2.0.2.7.dll
0x7d590000 - 0x7dd84000 	C:\WINDOWS\system32\SHELL32.dll
0x77f40000 - 0x77fb6000 	C:\WINDOWS\system32\SHLWAPI.dll
0x7c3a0000 - 0x7c41b000 	C:\WINDOWS\system32\MSVCP71.dll
0x77bd0000 - 0x77bd8000 	C:\WINDOWS\system32\VERSION.dll
0x77180000 - 0x77283000 	C:\WINDOWS\WinSxS\x86_Microsoft.Windows.Common-Controls_6595b64144ccf1df_6.0.2600.6028_x-ww_61e65202\comctl32.dll
0x60fd0000 - 0x61025000 	C:\WINDOWS\system32\hnetcfg.dll
0x71a00000 - 0x71a08000 	C:\WINDOWS\System32\wshtcpip.dll
0x17260000 - 0x172d0000 	C:\Documents and Settings\JOEY\.swt\lib\win32\x86\swt-win32-4233.dll
0x76320000 - 0x76367000 	C:\WINDOWS\system32\comdlg32.dll
0x72f70000 - 0x72f96000 	C:\WINDOWS\system32\WINSPOOL.DRV
0x3e410000 - 0x3e4f6000 	C:\WINDOWS\system32\WININET.dll
0x172e0000 - 0x172e9000 	C:\WINDOWS\system32\Normaliz.dll
0x43ce0000 - 0x43e13000 	C:\WINDOWS\system32\urlmon.dll
0x3eab0000 - 0x3ec9b000 	C:\WINDOWS\system32\iertutil.dll
0x765e0000 - 0x76673000 	C:\WINDOWS\system32\CRYPT32.dll
0x76db0000 - 0x76dc2000 	C:\WINDOWS\system32\MSASN1.dll
0x5adc0000 - 0x5adf7000 	C:\WINDOWS\system32\uxtheme.dll
0x74680000 - 0x746cc000 	C:\WINDOWS\system32\MSCTF.dll
0x76cb0000 - 0x76cd0000 	C:\WINDOWS\system32\NTMARTA.DLL
0x73640000 - 0x7366e000 	C:\WINDOWS\system32\msctfime.ime
0x6d420000 - 0x6d42d000 	C:\Java\jdk1.6.0_20\jre\bin\JdbcOdbc.dll
0x73540000 - 0x7357d000 	C:\WINDOWS\system32\ODBC32.dll
0x1f840000 - 0x1f857000 	C:\WINDOWS\system32\odbcint.dll
0x4aac0000 - 0x4ab04000 	C:\WINDOWS\system32\odbcjt32.dll
0x1b000000 - 0x1b170000 	C:\WINDOWS\system32\msjet40.dll
0x1b5d0000 - 0x1b665000 	C:\WINDOWS\system32\mswstr10.dll
0x4b4e0000 - 0x4b4ee000 	C:\WINDOWS\system32\odbcji32.dll
0x1b2c0000 - 0x1b2cd000 	C:\WINDOWS\system32\msjter40.dll
0x1b2d0000 - 0x1b2f6000 	C:\WINDOWS\system32\MSJINT40.DLL
0x4d3d0000 - 0x4d3eb000 	C:\WINDOWS\system32\odbccp32.dll
0x76fa0000 - 0x7701f000 	C:\WINDOWS\system32\CLBCATQ.DLL
0x77020000 - 0x770ba000 	C:\WINDOWS\system32\COMRes.dll
0x18d20000 - 0x18d5a000 	C:\WINDOWS\system32\msjtes40.dll
0x19170000 - 0x1917b000 	C:\WINDOWS\system32\VBAJET32.DLL
0x19590000 - 0x195f2000 	C:\WINDOWS\system32\expsrv.dll
0x762f0000 - 0x762f5000 	C:\WINDOWS\system32\msimg32.dll
0x61880000 - 0x618ba000 	C:\WINDOWS\system32\oleacc.dll

VM Arguments:
jvm_args: -agentlib:jdwp=transport=dt_socket,suspend=y,address=localhost:1222 -Dfile.encoding=UTF-8 
java_command: com.joeysoft.kc868.KC868
Launcher Type: SUN_STANDARD

Environment Variables:
PATH=C:\Java\jdk1.6.0_20\jre\bin;D:/Program Files/Genuitec/Common/binary/com.sun.java.jdk.win32.x86_1.6.0.013/jre/bin/client;D:/Program Files/Genuitec/Common/binary/com.sun.java.jdk.win32.x86_1.6.0.013/jre/bin;D:/Program Files/Genuitec/Common/binary/com.sun.java.jdk.win32.x86_1.6.0.013/jre/lib/i386;C:\PROGRA~1\Borland\CBUILD~1\Bin;C:\PROGRA~1\Borland\CBUILD~1\Projects\Bpl;D:\PROGRA~1\Borland\CBUILD~1\Bin;D:\PROGRA~1\Borland\CBUILD~1\Projects\Bpl;D:\oracle\product\10.2.0\db_1\bin;C:\WINDOWS\system32;C:\WINDOWS;C:\WINDOWS\System32\Wbem;C:\Program Files\Common Files\Thunder Network\KanKan\Codecs;C:\Program Files\TortoiseSVN\bin;C:\Program Files\StormII\Codec;C:\Program Files\StormII;C:\Program Files\CVSNT\
USERNAME=JOEY
OS=Windows_NT
PROCESSOR_IDENTIFIER=x86 Family 6 Model 15 Stepping 13, GenuineIntel



---------------  S Y S T E M  ---------------

OS: Windows XP Build 2600 Service Pack 3

CPU:total 2 (2 cores per cpu, 1 threads per core) family 6 model 15 stepping 13, cmov, cx8, fxsr, mmx, sse, sse2, sse3, ssse3

Memory: 4k page, physical 3144940k(2560148k free), swap 7697608k(7075992k free)

vm_info: Java HotSpot(TM) Client VM (16.3-b01) for windows-x86 JRE (1.6.0_20-b02), built on Apr 12 2010 13:52:23 by "java_re" with MS VC++ 7.1 (VS2003)

time: Thu Sep 20 07:01:21 2012
elapsed time: 181 seconds

